<?xml version="1.0" encoding="UTF-8"?>
<testng-results skipped="0" failed="0" total="2" passed="2">
  <reporter-output>
  </reporter-output>
  <suite name="TestNgParametersSuite" duration-ms="124485" started-at="2018-02-27T07:22:08Z" finished-at="2018-02-27T07:24:13Z">
    <groups>
    </groups>
    <test name="EbayAppTest" duration-ms="124485" started-at="2018-02-27T07:22:08Z" finished-at="2018-02-27T07:24:13Z">
      <class name="com.appium.scenario.EbayAppTest">
        <test-method status="PASS" signature="initDriver()[pri:0, instance:com.appium.scenario.EbayAppTest@73f792cf]" name="initDriver" is-config="true" duration-ms="36579" started-at="2018-02-27T12:51:32Z" finished-at="2018-02-27T12:52:08Z">
          <reporter-output>
          </reporter-output>
        </test-method> <!-- initDriver -->
        <test-method status="PASS" signature="EbayAppSearchByCategoryTestCase()[pri:0, instance:com.appium.scenario.EbayAppTest@73f792cf]" name="EbayAppSearchByCategoryTestCase" duration-ms="99196" started-at="2018-02-27T12:52:09Z" finished-at="2018-02-27T12:53:48Z">
          <reporter-output>
          </reporter-output>
        </test-method> <!-- EbayAppSearchByCategoryTestCase -->
        <test-method status="PASS" signature="EbayAppSearchByTextInputTestCase()[pri:0, instance:com.appium.scenario.EbayAppTest@73f792cf]" name="EbayAppSearchByTextInputTestCase" duration-ms="25224" started-at="2018-02-27T12:53:48Z" depends-on-methods="com.appium.scenario.EbayAppTest.EbayAppSearchByCategoryTestCase" finished-at="2018-02-27T12:54:13Z">
          <reporter-output>
          </reporter-output>
        </test-method> <!-- EbayAppSearchByTextInputTestCase -->
        <test-method status="PASS" signature="tearDown()[pri:0, instance:com.appium.scenario.EbayAppTest@73f792cf]" name="tearDown" is-config="true" duration-ms="6299" started-at="2018-02-27T12:54:13Z" finished-at="2018-02-27T12:54:19Z">
          <reporter-output>
          </reporter-output>
        </test-method> <!-- tearDown -->
      </class> <!-- com.appium.scenario.EbayAppTest -->
    </test> <!-- EbayAppTest -->
  </suite> <!-- TestNgParametersSuite -->
</testng-results>
